#
# Copyright (c) 2007 Nokia Corporation and/or its subsidiary(-ies).
# All rights reserved.
# This component and the accompanying materials are made available
# under the terms of "Eclipse Public License v1.0"
# which accompanies this distribution, and is available
# at the URL "http://www.eclipse.org/legal/epl-v10.html".
#
# Initial Contributors:
# Nokia Corporation - initial contribution.
#
# Contributors:
#
# Description: 
#

component	multimedia_ecam_framework

source	\sf\os\mm\imagingandcamerafws\camerafw

binary	\sf\os\mm\imagingandcamerafws\camerafw\group	all

exports	\sf\os\mm\imagingandcamerafws\camerafw\group

notes_source	\component_defs\release.src

ipr E
ipr T \sf\os\mm\imagingandcamerafws\camerafw\testapps\testcameraapp
ipr T \sf\os\mm\imagingandcamerafws\camerafw\testapps\testcameraapps60
