# multimedia_omx_il_api.mrp
#
# Copyright (c) 2008 Nokia Corporation and/or its subsidiary(-ies).
# All rights reserved.
# This component and the accompanying materials are made available
# under the terms of "Eclipse Public License v1.0"
# which accompanies this distribution, and is available
# at the URL "http://www.eclipse.org/legal/epl-v10.html".
#
# Initial Contributors:
# Nokia Corporation - initial contribution.
#
# Contributors:
#
# Description:
#

component	multimedia_omx_il_api

source	\sf\os\mm\omxil\omxilapi

# no binaries

exports	\sf\os\mm\omxil\omxilapi\group

notes_source	\component_defs\release.src


ipr E 
