#multimedia_icl_plugin.mrp
#
# Copyright (c) 2008 Nokia Corporation and/or its subsidiary(-ies).
# All rights reserved.
# This component and the accompanying materials are made available
# under the terms of "Eclipse Public License v1.0"
# which accompanies this distribution, and is available
# at the URL "http://www.eclipse.org/legal/epl-v10.html".
#
# Initial Contributors:
# Nokia Corporation - initial contribution.
#
# Contributors:
#
# Description:
#

component	multimedia_icl_plugin

source  \sf\os\mm\mmplugins\imagingplugins\bwins
source  \sf\os\mm\mmplugins\imagingplugins\eabi
source  \sf\os\mm\mmplugins\imagingplugins\group
source	\sf\os\mm\mmplugins\imagingplugins\codecs
source	\sf\os\mm\mmplugins\imagingplugins\bitmaptransform\src\refplugin
source  \sf\os\mm\mmplugins\imagingplugins\bitmaptransform\refplugin
source	\sf\os\mm\mmplugins\imagingplugins\imagedisplay\plugins\mng
source  \sf\os\mm\mmplugins\imagingplugins\imagedisplay\mng
		
binary	\sf\os\mm\mmplugins\imagingplugins\group	all

exports	\sf\os\mm\mmplugins\imagingplugins\group

notes_source	\component_defs\release.src

ipr E

